<?xml version="1.0" encoding="UTF-8"?>
<!-- Generated by org.testng.reporters.JUnitReportReporter -->
<testsuite skipped="0" hostname="DESKTOP-O6MA943" name="qaclickacademy.Mavenjava.Base" tests="1" failures="0" timestamp="2022-01-31T06:30:52 IST" time="0.021" errors="0">
  <testcase name="test" time="0.021" classname="qaclickacademy.Mavenjava.Base"/>
  <system-out/>
</testsuite> <!-- qaclickacademy.Mavenjava.Base -->
