<?xml version="1.0" encoding="UTF-8"?>
<!-- Generated by org.testng.reporters.JUnitReportReporter -->
<testsuite skipped="0" hostname="DESKTOP-O6MA943" name="qaclickacademy.Mavenjava.RESTAP" tests="2" failures="0" timestamp="2023-01-03T12:59:36 IST" time="0.002" errors="0">
  <testcase name="deleteTwitter" time="0.002" classname="qaclickacademy.Mavenjava.RESTAP"/>
  <system-out/>
  <testcase name="postJira" time="0.000" classname="qaclickacademy.Mavenjava.RESTAP"/>
  <system-out/>
</testsuite> <!-- qaclickacademy.Mavenjava.RESTAP -->
