<?xml version="1.0" encoding="UTF-8"?>
<!-- Generated by org.testng.reporters.JUnitReportReporter -->
<testsuite skipped="0" hostname="DESKTOP-O6MA943" name="qaclickacademy.Mavenjava.SeleniumTest" tests="2" failures="0" timestamp="2023-01-03T12:59:36 IST" time="0.008" errors="0">
  <testcase name="BrowserAuto" time="0.008" classname="qaclickacademy.Mavenjava.SeleniumTest"/>
  <system-out/>
  <testcase name="ElementsUI" time="0.000" classname="qaclickacademy.Mavenjava.SeleniumTest"/>
  <system-out/>
</testsuite> <!-- qaclickacademy.Mavenjava.SeleniumTest -->
