<?xml version="1.0" encoding="UTF-8"?>
<!-- Generated by org.testng.reporters.JUnitReportReporter -->
<testsuite skipped="0" hostname="DESKTOP-O6MA943" name="qaclickacademy.Mavenjava.RESTAPTest" tests="2" failures="0" timestamp="2023-01-03T12:51:41 IST" time="0.002" errors="0">
  <testcase name="postJira" time="0.002" classname="qaclickacademy.Mavenjava.RESTAPTest"/>
  <system-out/>
  <testcase name="deleteTwitter" time="0.000" classname="qaclickacademy.Mavenjava.RESTAPTest"/>
  <system-out/>
</testsuite> <!-- qaclickacademy.Mavenjava.RESTAPTest -->
